<?xml version="1.0" encoding="UTF-8"?>
<!-- Generated by org.testng.reporters.JUnitReportReporter -->
<testsuite skipped="0" hostname="DESKTOP-53SDACD" name="testpack.TestNGAdditional" tests="4" failures="0" timestamp="21 Feb 2020 01:36:13 GMT" time="0.012" errors="0">
  <testcase name="demoTest1" time="0.004" classname="testpack.TestNGAdditional"/>
  <testcase name="demoTest1" time="0.003" classname="testpack.TestNGAdditional"/>
  <testcase name="demoTest2" time="0.004" classname="testpack.TestNGAdditional"/>
  <testcase name="demoTest2" time="0.001" classname="testpack.TestNGAdditional"/>
</testsuite> <!-- testpack.TestNGAdditional -->
